[debug] [2025-11-27T05:52:11.970Z] ----------------------------------------------------------------------
[debug] [2025-11-27T05:52:11.973Z] Command:       C:\Program Files\nodejs\node.exe C:\Users\Yan\AppData\Roaming\npm\node_modules\firebase-tools\lib\bin\firebase.js init hosting
[debug] [2025-11-27T05:52:11.973Z] CLI Version:   14.26.0
[debug] [2025-11-27T05:52:11.974Z] Platform:      win32
[debug] [2025-11-27T05:52:11.974Z] Node Version:  v24.11.1
[debug] [2025-11-27T05:52:11.974Z] Time:          Thu Nov 27 2025 10:52:11 GMT+0500 (Екатеринбург, стандартное время)
[debug] [2025-11-27T05:52:11.974Z] ----------------------------------------------------------------------
[debug] 
[info] 
     ######## #### ########  ######## ########     ###     ######  ########
     ##        ##  ##     ## ##       ##     ##  ##   ##  ##       ##
     ######    ##  ########  ######   ########  #########  ######  ######
     ##        ##  ##    ##  ##       ##     ## ##     ##       ## ##
     ##       #### ##     ## ######## ########  ##     ##  ######  ########

You're about to initialize a Firebase project in this directory:

  C:\Users\Yan\rosegrysh-app

[info] 
=== Project Setup
[info] 
[info] First, let's associate this project directory with a Firebase project.
[info] You can create multiple project aliases by running firebase use --add, 
[info] 
[debug] [2025-11-27T05:52:20.244Z] > command requires scopes: ["email","openid","https://www.googleapis.com/auth/cloudplatformprojects.readonly","https://www.googleapis.com/auth/firebase","https://www.googleapis.com/auth/cloud-platform"]
[debug] [2025-11-27T05:52:20.244Z] > authorizing via signed-in user (yanvedyashkin@gmail.com)
[debug] [2025-11-27T05:52:20.245Z] Checked if tokens are valid: true, expires at: 1764225716170
[debug] [2025-11-27T05:52:20.245Z] Checked if tokens are valid: true, expires at: 1764225716170
[debug] [2025-11-27T05:52:20.246Z] >>> [apiv2][query] GET https://firebase.googleapis.com/v1beta1/projects/rosegrysh-app [none]
[debug] [2025-11-27T05:52:20.792Z] <<< [apiv2][status] GET https://firebase.googleapis.com/v1beta1/projects/rosegrysh-app 200
[debug] [2025-11-27T05:52:20.793Z] <<< [apiv2][body] GET https://firebase.googleapis.com/v1beta1/projects/rosegrysh-app {"projectId":"rosegrysh-app","projectNumber":"214655838902","displayName":"rosegrysh-app","name":"projects/rosegrysh-app","resources":{"hostingSite":"rosegrysh-app","realtimeDatabaseInstance":"rosegrysh-app-default-rtdb"},"state":"ACTIVE","etag":"1_32c10b9a-d428-4c87-9427-6fed641f2bbf"}
[info] i  Using project rosegrysh-app (rosegrysh-app) . 
[info] 
=== Hosting Setup
[debug] [2025-11-27T05:52:20.801Z] Checked if tokens are valid: true, expires at: 1764225716170
[debug] [2025-11-27T05:52:20.801Z] Checked if tokens are valid: true, expires at: 1764225716170
[debug] [2025-11-27T05:52:20.801Z] >>> [apiv2][query] GET https://firebase.googleapis.com/v1beta1/projects/rosegrysh-app [none]
[debug] [2025-11-27T05:52:21.205Z] <<< [apiv2][status] GET https://firebase.googleapis.com/v1beta1/projects/rosegrysh-app 200
[debug] [2025-11-27T05:52:21.205Z] <<< [apiv2][body] GET https://firebase.googleapis.com/v1beta1/projects/rosegrysh-app {"projectId":"rosegrysh-app","projectNumber":"214655838902","displayName":"rosegrysh-app","name":"projects/rosegrysh-app","resources":{"hostingSite":"rosegrysh-app","realtimeDatabaseInstance":"rosegrysh-app-default-rtdb"},"state":"ACTIVE","etag":"1_32c10b9a-d428-4c87-9427-6fed641f2bbf"}
[info] 
[info] Your public directory is the folder (relative to your project directory) that
[info] will contain Hosting assets to be uploaded with firebase deploy. If you
[info] have a build process for your assets, use your build's output directory.
[info] 
[info] 
[info] i  Didn't detect a .git folder. Assuming C:\Users\Yan\rosegrysh-app is the project root. 
[info] i  Authorizing with GitHub to upload your service account to a GitHub repository's secrets store. 
[info] 
[info] Visit this URL on this device to log in:
[info] https://github.com/login/oauth/authorize?client_id=89cf50f02ac6aaed3484&state=391438388&redirect_uri=http%3A%2F%2Flocalhost%3A9005&scope=read%3Auser%20repo%20public_repo
[info] 
[info] Waiting for authentication...
[debug] [2025-11-27T05:52:57.082Z] >>> [apiv2][query] POST https://github.com/login/oauth/access_token [none]
[debug] [2025-11-27T05:52:57.082Z] >>> [apiv2][body] POST https://github.com/login/oauth/access_token [stream]
[debug] [2025-11-27T05:52:57.496Z] <<< [apiv2][status] POST https://github.com/login/oauth/access_token 200
[debug] [2025-11-27T05:52:57.497Z] <<< [apiv2][body] POST https://github.com/login/oauth/access_token {"access_token":"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","token_type":"bearer","scope":"read:user,repo"}
[debug] [2025-11-27T05:52:57.501Z] >>> [apiv2][query] GET https://api.github.com/user [none]
[debug] [2025-11-27T05:52:57.988Z] <<< [apiv2][status] GET https://api.github.com/user 200
[debug] [2025-11-27T05:52:57.988Z] <<< [apiv2][body] GET https://api.github.com/user {"login":"yanvedyashkin-cell","id":246425784,"node_id":"U_kgDODrAouA","avatar_url":"https://avatars.githubusercontent.com/u/246425784?v=4","gravatar_id":"","url":"https://api.github.com/users/yanvedyashkin-cell","html_url":"https://github.com/yanvedyashkin-cell","followers_url":"https://api.github.com/users/yanvedyashkin-cell/followers","following_url":"https://api.github.com/users/yanvedyashkin-cell/following{/other_user}","gists_url":"https://api.github.com/users/yanvedyashkin-cell/gists{/gist_id}","starred_url":"https://api.github.com/users/yanvedyashkin-cell/starred{/owner}{/repo}","subscriptions_url":"https://api.github.com/users/yanvedyashkin-cell/subscriptions","organizations_url":"https://api.github.com/users/yanvedyashkin-cell/orgs","repos_url":"https://api.github.com/users/yanvedyashkin-cell/repos","events_url":"https://api.github.com/users/yanvedyashkin-cell/events{/privacy}","received_events_url":"https://api.github.com/users/yanvedyashkin-cell/received_events","type":"User","user_view_type":"private","site_admin":false,"name":null,"company":null,"blog":"","location":null,"email":null,"hireable":null,"bio":null,"twitter_username":null,"notification_email":null,"public_repos":0,"public_gists":0,"followers":0,"following":0,"created_at":"2025-11-27T05:38:01Z","updated_at":"2025-11-27T05:38:01Z","private_gists":0,"total_private_repos":0,"owned_private_repos":0,"disk_usage":0,"collaborators":0,"two_factor_authentication":false,"plan":{"name":"free","space":976562499,"collaborators":0,"private_repos":10000}}
[info] 
[info] +  Success! Logged into GitHub as yanvedyashkin-cell 
[info] 
[debug] [2025-11-27T05:56:26.688Z] >>> [apiv2][query] GET https://api.github.com/repos/yanvedyashkin-cell/actions/secrets/public-key type=owner
[debug] [2025-11-27T05:56:27.012Z] <<< [apiv2][status] GET https://api.github.com/repos/yanvedyashkin-cell/actions/secrets/public-key 404
[debug] [2025-11-27T05:56:27.012Z] <<< [apiv2][body] GET https://api.github.com/repos/yanvedyashkin-cell/actions/secrets/public-key {"message":"Not Found","documentation_url":"https://docs.github.com/rest","status":"404"}
[info] 
[info] 
[error] !  The provided authorization cannot be used with this repository. If this repository is in an organization, did you remember to grant access? 
[info] 
[info] i  Action required: Visit this URL to ensure access has been granted to the appropriate organization(s) for the Firebase CLI GitHub OAuth App: 
[info] https://github.com/settings/connections/applications/89cf50f02ac6aaed3484
[info] 
[debug] [2025-11-27T05:56:55.148Z] >>> [apiv2][query] GET https://api.github.com/repos/rosegrysh-appyanvedyashkin-cellyanvedyashkin-cell/actions/secrets/public-key type=owner
[debug] [2025-11-27T05:56:55.496Z] <<< [apiv2][status] GET https://api.github.com/repos/rosegrysh-appyanvedyashkin-cellyanvedyashkin-cell/actions/secrets/public-key 404
[debug] [2025-11-27T05:56:55.496Z] <<< [apiv2][body] GET https://api.github.com/repos/rosegrysh-appyanvedyashkin-cellyanvedyashkin-cell/actions/secrets/public-key {"message":"Not Found","documentation_url":"https://docs.github.com/rest","status":"404"}
[info] 
[info] 
[error] !  The provided authorization cannot be used with this repository. If this repository is in an organization, did you remember to grant access? 
[info] 
[info] i  Action required: Visit this URL to ensure access has been granted to the appropriate organization(s) for the Firebase CLI GitHub OAuth App: 
[info] https://github.com/settings/connections/applications/89cf50f02ac6aaed3484
[info] 
[debug] [2025-11-27T05:57:52.845Z] >>> [apiv2][query] GET https://api.github.com/repos/yanvedyashkin-ceii/rosegrysh-app/actions/secrets/public-key type=owner
[debug] [2025-11-27T05:57:53.815Z] <<< [apiv2][status] GET https://api.github.com/repos/yanvedyashkin-ceii/rosegrysh-app/actions/secrets/public-key 404
[debug] [2025-11-27T05:57:53.815Z] <<< [apiv2][body] GET https://api.github.com/repos/yanvedyashkin-ceii/rosegrysh-app/actions/secrets/public-key {"message":"Not Found","documentation_url":"https://docs.github.com/rest/actions/secrets#get-a-repository-public-key","status":"404"}
[info] 
[info] 
[error] !  The provided authorization cannot be used with this repository. If this repository is in an organization, did you remember to grant access? 
[info] 
[info] i  Action required: Visit this URL to ensure access has been granted to the appropriate organization(s) for the Firebase CLI GitHub OAuth App: 
[info] https://github.com/settings/connections/applications/89cf50f02ac6aaed3484
[info] 
